<?xml version="1.0" encoding="UTF-8"?>
<!-- Generated by org.testng.reporters.JUnitReportReporter -->
<testsuite hostname="Mohammeds-MacBook-Pro-2.local" name="TestHomeAM" tests="1" failures="0" timestamp="5 Jan 2019 16:12:55 GMT" time="34.965" errors="0">
  <testcase name="test1" time="34.965" classname="TestHomeAM"/>
</testsuite> <!-- TestHomeAM -->
