<?xml version="1.0" encoding="UTF-8"?>
<!-- Generated by org.testng.reporters.JUnitReportReporter -->
<testsuite hostname="Mohammeds-MacBook-Pro-2.local" name="TestHome" tests="1" failures="0" timestamp="5 Jan 2019 16:09:48 GMT" time="15.957" errors="0">
  <testcase name="test1" time="15.957" classname="TestHome"/>
</testsuite> <!-- TestHome -->
